/home/xetho/ros2_ws/src/gesture_controlled_robot_py/install/gesture_controlled_robot_py/lib/python3.10/site-packages/gesture_controlled_robot_py/app.py
/home/xetho/ros2_ws/src/gesture_controlled_robot_py/install/gesture_controlled_robot_py/lib/python3.10/site-packages/gesture_controlled_robot_py/movt_mapping.py
/home/xetho/ros2_ws/src/gesture_controlled_robot_py/install/gesture_controlled_robot_py/lib/python3.10/site-packages/gesture_controlled_robot_py/movt_pub_node.py
/home/xetho/ros2_ws/src/gesture_controlled_robot_py/install/gesture_controlled_robot_py/lib/python3.10/site-packages/gesture_controlled_robot_py/gesture.py
/home/xetho/ros2_ws/src/gesture_controlled_robot_py/install/gesture_controlled_robot_py/lib/python3.10/site-packages/gesture_controlled_robot_py/movt_sub_node.py
/home/xetho/ros2_ws/src/gesture_controlled_robot_py/install/gesture_controlled_robot_py/lib/python3.10/site-packages/gesture_controlled_robot_py/__init__.py
/home/xetho/ros2_ws/src/gesture_controlled_robot_py/install/gesture_controlled_robot_py/lib/python3.10/site-packages/gesture_controlled_robot_py/hand_gesture_recognition_mediapipe/app.py
/home/xetho/ros2_ws/src/gesture_controlled_robot_py/install/gesture_controlled_robot_py/lib/python3.10/site-packages/gesture_controlled_robot_py/hand_gesture_recognition_mediapipe/__init__.py
/home/xetho/ros2_ws/src/gesture_controlled_robot_py/install/gesture_controlled_robot_py/lib/python3.10/site-packages/gesture_controlled_robot_py/hand_gesture_recognition_mediapipe/cvfpscalc.py
/home/xetho/ros2_ws/src/gesture_controlled_robot_py/install/gesture_controlled_robot_py/lib/python3.10/site-packages/gesture_controlled_robot_py/hand_gesture_recognition_mediapipe/utils/__init__.py
/home/xetho/ros2_ws/src/gesture_controlled_robot_py/install/gesture_controlled_robot_py/lib/python3.10/site-packages/gesture_controlled_robot_py/hand_gesture_recognition_mediapipe/utils/cvfpscalc.py
/home/xetho/ros2_ws/src/gesture_controlled_robot_py/install/gesture_controlled_robot_py/lib/python3.10/site-packages/gesture_controlled_robot_py/hand_gesture_recognition_mediapipe/model/__init__.py
/home/xetho/ros2_ws/src/gesture_controlled_robot_py/install/gesture_controlled_robot_py/lib/python3.10/site-packages/gesture_controlled_robot_py/hand_gesture_recognition_mediapipe/model/point_history_classifier/point_history_classifier.py
/home/xetho/ros2_ws/src/gesture_controlled_robot_py/install/gesture_controlled_robot_py/lib/python3.10/site-packages/gesture_controlled_robot_py/hand_gesture_recognition_mediapipe/model/point_history_classifier/__init__.py
/home/xetho/ros2_ws/src/gesture_controlled_robot_py/install/gesture_controlled_robot_py/lib/python3.10/site-packages/gesture_controlled_robot_py/hand_gesture_recognition_mediapipe/model/keypoint_classifier/keypoint_classifier.py
/home/xetho/ros2_ws/src/gesture_controlled_robot_py/install/gesture_controlled_robot_py/lib/python3.10/site-packages/gesture_controlled_robot_py/hand_gesture_recognition_mediapipe/model/keypoint_classifier/__init__.py
/home/xetho/ros2_ws/src/gesture_controlled_robot_py/install/gesture_controlled_robot_py/lib/python3.10/site-packages/gesture_controlled_robot_py/__pycache__/app.cpython-310.pyc
/home/xetho/ros2_ws/src/gesture_controlled_robot_py/install/gesture_controlled_robot_py/lib/python3.10/site-packages/gesture_controlled_robot_py/__pycache__/movt_mapping.cpython-310.pyc
/home/xetho/ros2_ws/src/gesture_controlled_robot_py/install/gesture_controlled_robot_py/lib/python3.10/site-packages/gesture_controlled_robot_py/__pycache__/movt_pub_node.cpython-310.pyc
/home/xetho/ros2_ws/src/gesture_controlled_robot_py/install/gesture_controlled_robot_py/lib/python3.10/site-packages/gesture_controlled_robot_py/__pycache__/gesture.cpython-310.pyc
/home/xetho/ros2_ws/src/gesture_controlled_robot_py/install/gesture_controlled_robot_py/lib/python3.10/site-packages/gesture_controlled_robot_py/__pycache__/movt_sub_node.cpython-310.pyc
/home/xetho/ros2_ws/src/gesture_controlled_robot_py/install/gesture_controlled_robot_py/lib/python3.10/site-packages/gesture_controlled_robot_py/__pycache__/__init__.cpython-310.pyc
/home/xetho/ros2_ws/src/gesture_controlled_robot_py/install/gesture_controlled_robot_py/lib/python3.10/site-packages/gesture_controlled_robot_py/hand_gesture_recognition_mediapipe/__pycache__/app.cpython-310.pyc
/home/xetho/ros2_ws/src/gesture_controlled_robot_py/install/gesture_controlled_robot_py/lib/python3.10/site-packages/gesture_controlled_robot_py/hand_gesture_recognition_mediapipe/__pycache__/__init__.cpython-310.pyc
/home/xetho/ros2_ws/src/gesture_controlled_robot_py/install/gesture_controlled_robot_py/lib/python3.10/site-packages/gesture_controlled_robot_py/hand_gesture_recognition_mediapipe/__pycache__/cvfpscalc.cpython-310.pyc
/home/xetho/ros2_ws/src/gesture_controlled_robot_py/install/gesture_controlled_robot_py/lib/python3.10/site-packages/gesture_controlled_robot_py/hand_gesture_recognition_mediapipe/utils/__pycache__/__init__.cpython-310.pyc
/home/xetho/ros2_ws/src/gesture_controlled_robot_py/install/gesture_controlled_robot_py/lib/python3.10/site-packages/gesture_controlled_robot_py/hand_gesture_recognition_mediapipe/utils/__pycache__/cvfpscalc.cpython-310.pyc
/home/xetho/ros2_ws/src/gesture_controlled_robot_py/install/gesture_controlled_robot_py/lib/python3.10/site-packages/gesture_controlled_robot_py/hand_gesture_recognition_mediapipe/model/__pycache__/__init__.cpython-310.pyc
/home/xetho/ros2_ws/src/gesture_controlled_robot_py/install/gesture_controlled_robot_py/lib/python3.10/site-packages/gesture_controlled_robot_py/hand_gesture_recognition_mediapipe/model/point_history_classifier/__pycache__/point_history_classifier.cpython-310.pyc
/home/xetho/ros2_ws/src/gesture_controlled_robot_py/install/gesture_controlled_robot_py/lib/python3.10/site-packages/gesture_controlled_robot_py/hand_gesture_recognition_mediapipe/model/point_history_classifier/__pycache__/__init__.cpython-310.pyc
/home/xetho/ros2_ws/src/gesture_controlled_robot_py/install/gesture_controlled_robot_py/lib/python3.10/site-packages/gesture_controlled_robot_py/hand_gesture_recognition_mediapipe/model/keypoint_classifier/__pycache__/keypoint_classifier.cpython-310.pyc
/home/xetho/ros2_ws/src/gesture_controlled_robot_py/install/gesture_controlled_robot_py/lib/python3.10/site-packages/gesture_controlled_robot_py/hand_gesture_recognition_mediapipe/model/keypoint_classifier/__pycache__/__init__.cpython-310.pyc
/home/xetho/ros2_ws/src/gesture_controlled_robot_py/install/gesture_controlled_robot_py/share/ament_index/resource_index/packages/gesture_controlled_robot_py
/home/xetho/ros2_ws/src/gesture_controlled_robot_py/install/gesture_controlled_robot_py/share/gesture_controlled_robot_py/package.xml
/home/xetho/ros2_ws/src/gesture_controlled_robot_py/install/gesture_controlled_robot_py/lib/python3.10/site-packages/gesture_controlled_robot_py/hand_gesture_recognition_mediapipe/keypoint_classification.ipynb
/home/xetho/ros2_ws/src/gesture_controlled_robot_py/install/gesture_controlled_robot_py/lib/python3.10/site-packages/gesture_controlled_robot_py/hand_gesture_recognition_mediapipe/keypoint_classification_EN.ipynb
/home/xetho/ros2_ws/src/gesture_controlled_robot_py/install/gesture_controlled_robot_py/lib/python3.10/site-packages/gesture_controlled_robot_py/hand_gesture_recognition_mediapipe/point_history_classification.ipynb
/home/xetho/ros2_ws/src/gesture_controlled_robot_py/install/gesture_controlled_robot_py/lib/python3.10/site-packages/gesture_controlled_robot_py/hand_gesture_recognition_mediapipe/model/keypoint_classifier/keypoint.csv
/home/xetho/ros2_ws/src/gesture_controlled_robot_py/install/gesture_controlled_robot_py/lib/python3.10/site-packages/gesture_controlled_robot_py/hand_gesture_recognition_mediapipe/model/keypoint_classifier/keypoint_classifier.hdf5
/home/xetho/ros2_ws/src/gesture_controlled_robot_py/install/gesture_controlled_robot_py/lib/python3.10/site-packages/gesture_controlled_robot_py/hand_gesture_recognition_mediapipe/model/keypoint_classifier/keypoint_classifier.tflite
/home/xetho/ros2_ws/src/gesture_controlled_robot_py/install/gesture_controlled_robot_py/lib/python3.10/site-packages/gesture_controlled_robot_py/hand_gesture_recognition_mediapipe/model/keypoint_classifier/keypoint_classifier_label.csv
/home/xetho/ros2_ws/src/gesture_controlled_robot_py/install/gesture_controlled_robot_py/lib/python3.10/site-packages/gesture_controlled_robot_py/hand_gesture_recognition_mediapipe/model/point_history_classifier/point_history.csv
/home/xetho/ros2_ws/src/gesture_controlled_robot_py/install/gesture_controlled_robot_py/lib/python3.10/site-packages/gesture_controlled_robot_py/hand_gesture_recognition_mediapipe/model/point_history_classifier/point_history_classifier.hdf5
/home/xetho/ros2_ws/src/gesture_controlled_robot_py/install/gesture_controlled_robot_py/lib/python3.10/site-packages/gesture_controlled_robot_py/hand_gesture_recognition_mediapipe/model/point_history_classifier/point_history_classifier.tflite
/home/xetho/ros2_ws/src/gesture_controlled_robot_py/install/gesture_controlled_robot_py/lib/python3.10/site-packages/gesture_controlled_robot_py/hand_gesture_recognition_mediapipe/model/point_history_classifier/point_history_classifier_label.csv
/home/xetho/ros2_ws/src/gesture_controlled_robot_py/install/gesture_controlled_robot_py/lib/python3.10/site-packages/gesture_controlled_robot_py-0.0.0-py3.10.egg-info/entry_points.txt
/home/xetho/ros2_ws/src/gesture_controlled_robot_py/install/gesture_controlled_robot_py/lib/python3.10/site-packages/gesture_controlled_robot_py-0.0.0-py3.10.egg-info/requires.txt
/home/xetho/ros2_ws/src/gesture_controlled_robot_py/install/gesture_controlled_robot_py/lib/python3.10/site-packages/gesture_controlled_robot_py-0.0.0-py3.10.egg-info/zip-safe
/home/xetho/ros2_ws/src/gesture_controlled_robot_py/install/gesture_controlled_robot_py/lib/python3.10/site-packages/gesture_controlled_robot_py-0.0.0-py3.10.egg-info/dependency_links.txt
/home/xetho/ros2_ws/src/gesture_controlled_robot_py/install/gesture_controlled_robot_py/lib/python3.10/site-packages/gesture_controlled_robot_py-0.0.0-py3.10.egg-info/top_level.txt
/home/xetho/ros2_ws/src/gesture_controlled_robot_py/install/gesture_controlled_robot_py/lib/python3.10/site-packages/gesture_controlled_robot_py-0.0.0-py3.10.egg-info/SOURCES.txt
/home/xetho/ros2_ws/src/gesture_controlled_robot_py/install/gesture_controlled_robot_py/lib/python3.10/site-packages/gesture_controlled_robot_py-0.0.0-py3.10.egg-info/PKG-INFO
/home/xetho/ros2_ws/src/gesture_controlled_robot_py/install/gesture_controlled_robot_py/lib/gesture_controlled_robot_py/listener
/home/xetho/ros2_ws/src/gesture_controlled_robot_py/install/gesture_controlled_robot_py/lib/gesture_controlled_robot_py/talker
