[1.460s] Invoking command in '/home/xetho/ros2_ws/src/gesture_controlled_robot_py': PYTHONPATH=/home/xetho/ros2_ws/src/gesture_controlled_robot_py/build/gesture_controlled_robot_py/prefix_override:/home/xetho/ros2_ws/src/gesture_controlled_robot_py/install/gesture_controlled_robot_py/lib/python3.10/site-packages:${PYTHONPATH} /usr/bin/python3 setup.py egg_info --egg-base build/gesture_controlled_robot_py build --build-base /home/xetho/ros2_ws/src/gesture_controlled_robot_py/build/gesture_controlled_robot_py/build install --record /home/xetho/ros2_ws/src/gesture_controlled_robot_py/build/gesture_controlled_robot_py/install.log --single-version-externally-managed
[1.714s] running egg_info
[1.714s] creating build/gesture_controlled_robot_py/gesture_controlled_robot_py.egg-info
[1.714s] writing build/gesture_controlled_robot_py/gesture_controlled_robot_py.egg-info/PKG-INFO
[1.715s] writing dependency_links to build/gesture_controlled_robot_py/gesture_controlled_robot_py.egg-info/dependency_links.txt
[1.715s] writing entry points to build/gesture_controlled_robot_py/gesture_controlled_robot_py.egg-info/entry_points.txt
[1.715s] writing requirements to build/gesture_controlled_robot_py/gesture_controlled_robot_py.egg-info/requires.txt
[1.715s] writing top-level names to build/gesture_controlled_robot_py/gesture_controlled_robot_py.egg-info/top_level.txt
[1.715s] writing manifest file 'build/gesture_controlled_robot_py/gesture_controlled_robot_py.egg-info/SOURCES.txt'
[1.719s] reading manifest file 'build/gesture_controlled_robot_py/gesture_controlled_robot_py.egg-info/SOURCES.txt'
[1.720s] writing manifest file 'build/gesture_controlled_robot_py/gesture_controlled_robot_py.egg-info/SOURCES.txt'
[1.720s] running build
[1.720s] running build_py
[1.720s] creating /home/xetho/ros2_ws/src/gesture_controlled_robot_py/build/gesture_controlled_robot_py/build
[1.721s] creating /home/xetho/ros2_ws/src/gesture_controlled_robot_py/build/gesture_controlled_robot_py/build/lib
[1.721s] creating /home/xetho/ros2_ws/src/gesture_controlled_robot_py/build/gesture_controlled_robot_py/build/lib/gesture_controlled_robot_py
[1.721s] copying gesture_controlled_robot_py/app.py -> /home/xetho/ros2_ws/src/gesture_controlled_robot_py/build/gesture_controlled_robot_py/build/lib/gesture_controlled_robot_py
[1.721s] copying gesture_controlled_robot_py/movt_pub_node.py -> /home/xetho/ros2_ws/src/gesture_controlled_robot_py/build/gesture_controlled_robot_py/build/lib/gesture_controlled_robot_py
[1.721s] copying gesture_controlled_robot_py/gesture.py -> /home/xetho/ros2_ws/src/gesture_controlled_robot_py/build/gesture_controlled_robot_py/build/lib/gesture_controlled_robot_py
[1.721s] copying gesture_controlled_robot_py/movt_sub_node.py -> /home/xetho/ros2_ws/src/gesture_controlled_robot_py/build/gesture_controlled_robot_py/build/lib/gesture_controlled_robot_py
[1.721s] copying gesture_controlled_robot_py/__init__.py -> /home/xetho/ros2_ws/src/gesture_controlled_robot_py/build/gesture_controlled_robot_py/build/lib/gesture_controlled_robot_py
[1.721s] creating /home/xetho/ros2_ws/src/gesture_controlled_robot_py/build/gesture_controlled_robot_py/build/lib/gesture_controlled_robot_py/hand_gesture_recognition_mediapipe
[1.721s] copying gesture_controlled_robot_py/hand_gesture_recognition_mediapipe/app.py -> /home/xetho/ros2_ws/src/gesture_controlled_robot_py/build/gesture_controlled_robot_py/build/lib/gesture_controlled_robot_py/hand_gesture_recognition_mediapipe
[1.722s] copying gesture_controlled_robot_py/hand_gesture_recognition_mediapipe/__init__.py -> /home/xetho/ros2_ws/src/gesture_controlled_robot_py/build/gesture_controlled_robot_py/build/lib/gesture_controlled_robot_py/hand_gesture_recognition_mediapipe
[1.722s] copying gesture_controlled_robot_py/hand_gesture_recognition_mediapipe/cvfpscalc.py -> /home/xetho/ros2_ws/src/gesture_controlled_robot_py/build/gesture_controlled_robot_py/build/lib/gesture_controlled_robot_py/hand_gesture_recognition_mediapipe
[1.722s] creating /home/xetho/ros2_ws/src/gesture_controlled_robot_py/build/gesture_controlled_robot_py/build/lib/gesture_controlled_robot_py/hand_gesture_recognition_mediapipe/utils
[1.722s] copying gesture_controlled_robot_py/hand_gesture_recognition_mediapipe/utils/__init__.py -> /home/xetho/ros2_ws/src/gesture_controlled_robot_py/build/gesture_controlled_robot_py/build/lib/gesture_controlled_robot_py/hand_gesture_recognition_mediapipe/utils
[1.722s] copying gesture_controlled_robot_py/hand_gesture_recognition_mediapipe/utils/cvfpscalc.py -> /home/xetho/ros2_ws/src/gesture_controlled_robot_py/build/gesture_controlled_robot_py/build/lib/gesture_controlled_robot_py/hand_gesture_recognition_mediapipe/utils
[1.722s] creating /home/xetho/ros2_ws/src/gesture_controlled_robot_py/build/gesture_controlled_robot_py/build/lib/gesture_controlled_robot_py/hand_gesture_recognition_mediapipe/model
[1.722s] copying gesture_controlled_robot_py/hand_gesture_recognition_mediapipe/model/__init__.py -> /home/xetho/ros2_ws/src/gesture_controlled_robot_py/build/gesture_controlled_robot_py/build/lib/gesture_controlled_robot_py/hand_gesture_recognition_mediapipe/model
[1.723s] creating /home/xetho/ros2_ws/src/gesture_controlled_robot_py/build/gesture_controlled_robot_py/build/lib/gesture_controlled_robot_py/hand_gesture_recognition_mediapipe/model/point_history_classifier
[1.723s] copying gesture_controlled_robot_py/hand_gesture_recognition_mediapipe/model/point_history_classifier/point_history_classifier.py -> /home/xetho/ros2_ws/src/gesture_controlled_robot_py/build/gesture_controlled_robot_py/build/lib/gesture_controlled_robot_py/hand_gesture_recognition_mediapipe/model/point_history_classifier
[1.723s] copying gesture_controlled_robot_py/hand_gesture_recognition_mediapipe/model/point_history_classifier/__init__.py -> /home/xetho/ros2_ws/src/gesture_controlled_robot_py/build/gesture_controlled_robot_py/build/lib/gesture_controlled_robot_py/hand_gesture_recognition_mediapipe/model/point_history_classifier
[1.723s] creating /home/xetho/ros2_ws/src/gesture_controlled_robot_py/build/gesture_controlled_robot_py/build/lib/gesture_controlled_robot_py/hand_gesture_recognition_mediapipe/model/keypoint_classifier
[1.723s] copying gesture_controlled_robot_py/hand_gesture_recognition_mediapipe/model/keypoint_classifier/keypoint_classifier.py -> /home/xetho/ros2_ws/src/gesture_controlled_robot_py/build/gesture_controlled_robot_py/build/lib/gesture_controlled_robot_py/hand_gesture_recognition_mediapipe/model/keypoint_classifier
[1.723s] copying gesture_controlled_robot_py/hand_gesture_recognition_mediapipe/model/keypoint_classifier/__init__.py -> /home/xetho/ros2_ws/src/gesture_controlled_robot_py/build/gesture_controlled_robot_py/build/lib/gesture_controlled_robot_py/hand_gesture_recognition_mediapipe/model/keypoint_classifier
[1.724s] running install
[1.737s] /usr/lib/python3/dist-packages/setuptools/command/install.py:34: SetuptoolsDeprecationWarning: setup.py install is deprecated. Use build and pip and other standards-based tools.
[1.737s]   warnings.warn(
[1.737s] running install_lib
[1.738s] creating /home/xetho/ros2_ws/src/gesture_controlled_robot_py/install/gesture_controlled_robot_py/lib/python3.10/site-packages/gesture_controlled_robot_py
[1.739s] copying /home/xetho/ros2_ws/src/gesture_controlled_robot_py/build/gesture_controlled_robot_py/build/lib/gesture_controlled_robot_py/app.py -> /home/xetho/ros2_ws/src/gesture_controlled_robot_py/install/gesture_controlled_robot_py/lib/python3.10/site-packages/gesture_controlled_robot_py
[1.739s] copying /home/xetho/ros2_ws/src/gesture_controlled_robot_py/build/gesture_controlled_robot_py/build/lib/gesture_controlled_robot_py/movt_pub_node.py -> /home/xetho/ros2_ws/src/gesture_controlled_robot_py/install/gesture_controlled_robot_py/lib/python3.10/site-packages/gesture_controlled_robot_py
[1.739s] creating /home/xetho/ros2_ws/src/gesture_controlled_robot_py/install/gesture_controlled_robot_py/lib/python3.10/site-packages/gesture_controlled_robot_py/hand_gesture_recognition_mediapipe
[1.739s] copying /home/xetho/ros2_ws/src/gesture_controlled_robot_py/build/gesture_controlled_robot_py/build/lib/gesture_controlled_robot_py/hand_gesture_recognition_mediapipe/app.py -> /home/xetho/ros2_ws/src/gesture_controlled_robot_py/install/gesture_controlled_robot_py/lib/python3.10/site-packages/gesture_controlled_robot_py/hand_gesture_recognition_mediapipe
[1.739s] creating /home/xetho/ros2_ws/src/gesture_controlled_robot_py/install/gesture_controlled_robot_py/lib/python3.10/site-packages/gesture_controlled_robot_py/hand_gesture_recognition_mediapipe/utils
[1.739s] copying /home/xetho/ros2_ws/src/gesture_controlled_robot_py/build/gesture_controlled_robot_py/build/lib/gesture_controlled_robot_py/hand_gesture_recognition_mediapipe/utils/__init__.py -> /home/xetho/ros2_ws/src/gesture_controlled_robot_py/install/gesture_controlled_robot_py/lib/python3.10/site-packages/gesture_controlled_robot_py/hand_gesture_recognition_mediapipe/utils
[1.740s] copying /home/xetho/ros2_ws/src/gesture_controlled_robot_py/build/gesture_controlled_robot_py/build/lib/gesture_controlled_robot_py/hand_gesture_recognition_mediapipe/utils/cvfpscalc.py -> /home/xetho/ros2_ws/src/gesture_controlled_robot_py/install/gesture_controlled_robot_py/lib/python3.10/site-packages/gesture_controlled_robot_py/hand_gesture_recognition_mediapipe/utils
[1.740s] creating /home/xetho/ros2_ws/src/gesture_controlled_robot_py/install/gesture_controlled_robot_py/lib/python3.10/site-packages/gesture_controlled_robot_py/hand_gesture_recognition_mediapipe/model
[1.740s] creating /home/xetho/ros2_ws/src/gesture_controlled_robot_py/install/gesture_controlled_robot_py/lib/python3.10/site-packages/gesture_controlled_robot_py/hand_gesture_recognition_mediapipe/model/point_history_classifier
[1.740s] copying /home/xetho/ros2_ws/src/gesture_controlled_robot_py/build/gesture_controlled_robot_py/build/lib/gesture_controlled_robot_py/hand_gesture_recognition_mediapipe/model/point_history_classifier/point_history_classifier.py -> /home/xetho/ros2_ws/src/gesture_controlled_robot_py/install/gesture_controlled_robot_py/lib/python3.10/site-packages/gesture_controlled_robot_py/hand_gesture_recognition_mediapipe/model/point_history_classifier
[1.740s] copying /home/xetho/ros2_ws/src/gesture_controlled_robot_py/build/gesture_controlled_robot_py/build/lib/gesture_controlled_robot_py/hand_gesture_recognition_mediapipe/model/point_history_classifier/__init__.py -> /home/xetho/ros2_ws/src/gesture_controlled_robot_py/install/gesture_controlled_robot_py/lib/python3.10/site-packages/gesture_controlled_robot_py/hand_gesture_recognition_mediapipe/model/point_history_classifier
[1.740s] copying /home/xetho/ros2_ws/src/gesture_controlled_robot_py/build/gesture_controlled_robot_py/build/lib/gesture_controlled_robot_py/hand_gesture_recognition_mediapipe/model/__init__.py -> /home/xetho/ros2_ws/src/gesture_controlled_robot_py/install/gesture_controlled_robot_py/lib/python3.10/site-packages/gesture_controlled_robot_py/hand_gesture_recognition_mediapipe/model
[1.740s] creating /home/xetho/ros2_ws/src/gesture_controlled_robot_py/install/gesture_controlled_robot_py/lib/python3.10/site-packages/gesture_controlled_robot_py/hand_gesture_recognition_mediapipe/model/keypoint_classifier
[1.740s] copying /home/xetho/ros2_ws/src/gesture_controlled_robot_py/build/gesture_controlled_robot_py/build/lib/gesture_controlled_robot_py/hand_gesture_recognition_mediapipe/model/keypoint_classifier/keypoint_classifier.py -> /home/xetho/ros2_ws/src/gesture_controlled_robot_py/install/gesture_controlled_robot_py/lib/python3.10/site-packages/gesture_controlled_robot_py/hand_gesture_recognition_mediapipe/model/keypoint_classifier
[1.741s] copying /home/xetho/ros2_ws/src/gesture_controlled_robot_py/build/gesture_controlled_robot_py/build/lib/gesture_controlled_robot_py/hand_gesture_recognition_mediapipe/model/keypoint_classifier/__init__.py -> /home/xetho/ros2_ws/src/gesture_controlled_robot_py/install/gesture_controlled_robot_py/lib/python3.10/site-packages/gesture_controlled_robot_py/hand_gesture_recognition_mediapipe/model/keypoint_classifier
[1.741s] copying /home/xetho/ros2_ws/src/gesture_controlled_robot_py/build/gesture_controlled_robot_py/build/lib/gesture_controlled_robot_py/hand_gesture_recognition_mediapipe/__init__.py -> /home/xetho/ros2_ws/src/gesture_controlled_robot_py/install/gesture_controlled_robot_py/lib/python3.10/site-packages/gesture_controlled_robot_py/hand_gesture_recognition_mediapipe
[1.741s] copying /home/xetho/ros2_ws/src/gesture_controlled_robot_py/build/gesture_controlled_robot_py/build/lib/gesture_controlled_robot_py/hand_gesture_recognition_mediapipe/cvfpscalc.py -> /home/xetho/ros2_ws/src/gesture_controlled_robot_py/install/gesture_controlled_robot_py/lib/python3.10/site-packages/gesture_controlled_robot_py/hand_gesture_recognition_mediapipe
[1.741s] copying /home/xetho/ros2_ws/src/gesture_controlled_robot_py/build/gesture_controlled_robot_py/build/lib/gesture_controlled_robot_py/gesture.py -> /home/xetho/ros2_ws/src/gesture_controlled_robot_py/install/gesture_controlled_robot_py/lib/python3.10/site-packages/gesture_controlled_robot_py
[1.741s] copying /home/xetho/ros2_ws/src/gesture_controlled_robot_py/build/gesture_controlled_robot_py/build/lib/gesture_controlled_robot_py/movt_sub_node.py -> /home/xetho/ros2_ws/src/gesture_controlled_robot_py/install/gesture_controlled_robot_py/lib/python3.10/site-packages/gesture_controlled_robot_py
[1.741s] copying /home/xetho/ros2_ws/src/gesture_controlled_robot_py/build/gesture_controlled_robot_py/build/lib/gesture_controlled_robot_py/__init__.py -> /home/xetho/ros2_ws/src/gesture_controlled_robot_py/install/gesture_controlled_robot_py/lib/python3.10/site-packages/gesture_controlled_robot_py
[1.741s] byte-compiling /home/xetho/ros2_ws/src/gesture_controlled_robot_py/install/gesture_controlled_robot_py/lib/python3.10/site-packages/gesture_controlled_robot_py/app.py to app.cpython-310.pyc
[1.742s] byte-compiling /home/xetho/ros2_ws/src/gesture_controlled_robot_py/install/gesture_controlled_robot_py/lib/python3.10/site-packages/gesture_controlled_robot_py/movt_pub_node.py to movt_pub_node.cpython-310.pyc
[1.742s] byte-compiling /home/xetho/ros2_ws/src/gesture_controlled_robot_py/install/gesture_controlled_robot_py/lib/python3.10/site-packages/gesture_controlled_robot_py/hand_gesture_recognition_mediapipe/app.py to app.cpython-310.pyc
[1.747s] byte-compiling /home/xetho/ros2_ws/src/gesture_controlled_robot_py/install/gesture_controlled_robot_py/lib/python3.10/site-packages/gesture_controlled_robot_py/hand_gesture_recognition_mediapipe/utils/__init__.py to __init__.cpython-310.pyc
[1.747s] byte-compiling /home/xetho/ros2_ws/src/gesture_controlled_robot_py/install/gesture_controlled_robot_py/lib/python3.10/site-packages/gesture_controlled_robot_py/hand_gesture_recognition_mediapipe/utils/cvfpscalc.py to cvfpscalc.cpython-310.pyc
[1.747s] byte-compiling /home/xetho/ros2_ws/src/gesture_controlled_robot_py/install/gesture_controlled_robot_py/lib/python3.10/site-packages/gesture_controlled_robot_py/hand_gesture_recognition_mediapipe/model/point_history_classifier/point_history_classifier.py to point_history_classifier.cpython-310.pyc
[1.748s] byte-compiling /home/xetho/ros2_ws/src/gesture_controlled_robot_py/install/gesture_controlled_robot_py/lib/python3.10/site-packages/gesture_controlled_robot_py/hand_gesture_recognition_mediapipe/model/point_history_classifier/__init__.py to __init__.cpython-310.pyc
[1.748s] byte-compiling /home/xetho/ros2_ws/src/gesture_controlled_robot_py/install/gesture_controlled_robot_py/lib/python3.10/site-packages/gesture_controlled_robot_py/hand_gesture_recognition_mediapipe/model/__init__.py to __init__.cpython-310.pyc
[1.748s] byte-compiling /home/xetho/ros2_ws/src/gesture_controlled_robot_py/install/gesture_controlled_robot_py/lib/python3.10/site-packages/gesture_controlled_robot_py/hand_gesture_recognition_mediapipe/model/keypoint_classifier/keypoint_classifier.py to keypoint_classifier.cpython-310.pyc
[1.749s] byte-compiling /home/xetho/ros2_ws/src/gesture_controlled_robot_py/install/gesture_controlled_robot_py/lib/python3.10/site-packages/gesture_controlled_robot_py/hand_gesture_recognition_mediapipe/model/keypoint_classifier/__init__.py to __init__.cpython-310.pyc
[1.749s] byte-compiling /home/xetho/ros2_ws/src/gesture_controlled_robot_py/install/gesture_controlled_robot_py/lib/python3.10/site-packages/gesture_controlled_robot_py/hand_gesture_recognition_mediapipe/__init__.py to __init__.cpython-310.pyc
[1.750s] byte-compiling /home/xetho/ros2_ws/src/gesture_controlled_robot_py/install/gesture_controlled_robot_py/lib/python3.10/site-packages/gesture_controlled_robot_py/hand_gesture_recognition_mediapipe/cvfpscalc.py to cvfpscalc.cpython-310.pyc
[1.750s] byte-compiling /home/xetho/ros2_ws/src/gesture_controlled_robot_py/install/gesture_controlled_robot_py/lib/python3.10/site-packages/gesture_controlled_robot_py/gesture.py to gesture.cpython-310.pyc
[1.750s] byte-compiling /home/xetho/ros2_ws/src/gesture_controlled_robot_py/install/gesture_controlled_robot_py/lib/python3.10/site-packages/gesture_controlled_robot_py/movt_sub_node.py to movt_sub_node.cpython-310.pyc
[1.751s] byte-compiling /home/xetho/ros2_ws/src/gesture_controlled_robot_py/install/gesture_controlled_robot_py/lib/python3.10/site-packages/gesture_controlled_robot_py/__init__.py to __init__.cpython-310.pyc
[1.751s] running install_data
[1.751s] creating /home/xetho/ros2_ws/src/gesture_controlled_robot_py/install/gesture_controlled_robot_py/share/ament_index
[1.751s] creating /home/xetho/ros2_ws/src/gesture_controlled_robot_py/install/gesture_controlled_robot_py/share/ament_index/resource_index
[1.751s] creating /home/xetho/ros2_ws/src/gesture_controlled_robot_py/install/gesture_controlled_robot_py/share/ament_index/resource_index/packages
[1.752s] copying resource/gesture_controlled_robot_py -> /home/xetho/ros2_ws/src/gesture_controlled_robot_py/install/gesture_controlled_robot_py/share/ament_index/resource_index/packages
[1.752s] copying package.xml -> /home/xetho/ros2_ws/src/gesture_controlled_robot_py/install/gesture_controlled_robot_py/share/gesture_controlled_robot_py
[1.752s] copying ./gesture_controlled_robot_py/hand_gesture_recognition_mediapipe/keypoint_classification.ipynb -> /home/xetho/ros2_ws/src/gesture_controlled_robot_py/install/gesture_controlled_robot_py/lib/python3.10/site-packages/gesture_controlled_robot_py/hand_gesture_recognition_mediapipe
[1.768s] copying ./gesture_controlled_robot_py/hand_gesture_recognition_mediapipe/keypoint_classification_EN.ipynb -> /home/xetho/ros2_ws/src/gesture_controlled_robot_py/install/gesture_controlled_robot_py/lib/python3.10/site-packages/gesture_controlled_robot_py/hand_gesture_recognition_mediapipe
[1.777s] copying ./gesture_controlled_robot_py/hand_gesture_recognition_mediapipe/point_history_classification.ipynb -> /home/xetho/ros2_ws/src/gesture_controlled_robot_py/install/gesture_controlled_robot_py/lib/python3.10/site-packages/gesture_controlled_robot_py/hand_gesture_recognition_mediapipe
[1.787s] copying ./gesture_controlled_robot_py/hand_gesture_recognition_mediapipe/model/keypoint_classifier/keypoint.csv -> /home/xetho/ros2_ws/src/gesture_controlled_robot_py/install/gesture_controlled_robot_py/lib/python3.10/site-packages/gesture_controlled_robot_py/hand_gesture_recognition_mediapipe/model/keypoint_classifier
[1.871s] copying ./gesture_controlled_robot_py/hand_gesture_recognition_mediapipe/model/keypoint_classifier/keypoint_classifier.hdf5 -> /home/xetho/ros2_ws/src/gesture_controlled_robot_py/install/gesture_controlled_robot_py/lib/python3.10/site-packages/gesture_controlled_robot_py/hand_gesture_recognition_mediapipe/model/keypoint_classifier
[1.896s] copying ./gesture_controlled_robot_py/hand_gesture_recognition_mediapipe/model/keypoint_classifier/keypoint_classifier.tflite -> /home/xetho/ros2_ws/src/gesture_controlled_robot_py/install/gesture_controlled_robot_py/lib/python3.10/site-packages/gesture_controlled_robot_py/hand_gesture_recognition_mediapipe/model/keypoint_classifier
[1.897s] copying ./gesture_controlled_robot_py/hand_gesture_recognition_mediapipe/model/keypoint_classifier/keypoint_classifier_label.csv -> /home/xetho/ros2_ws/src/gesture_controlled_robot_py/install/gesture_controlled_robot_py/lib/python3.10/site-packages/gesture_controlled_robot_py/hand_gesture_recognition_mediapipe/model/keypoint_classifier
[1.898s] copying ./gesture_controlled_robot_py/hand_gesture_recognition_mediapipe/model/point_history_classifier/point_history.csv -> /home/xetho/ros2_ws/src/gesture_controlled_robot_py/install/gesture_controlled_robot_py/lib/python3.10/site-packages/gesture_controlled_robot_py/hand_gesture_recognition_mediapipe/model/point_history_classifier
[1.944s] copying ./gesture_controlled_robot_py/hand_gesture_recognition_mediapipe/model/point_history_classifier/point_history_classifier.hdf5 -> /home/xetho/ros2_ws/src/gesture_controlled_robot_py/install/gesture_controlled_robot_py/lib/python3.10/site-packages/gesture_controlled_robot_py/hand_gesture_recognition_mediapipe/model/point_history_classifier
[1.968s] copying ./gesture_controlled_robot_py/hand_gesture_recognition_mediapipe/model/point_history_classifier/point_history_classifier.tflite -> /home/xetho/ros2_ws/src/gesture_controlled_robot_py/install/gesture_controlled_robot_py/lib/python3.10/site-packages/gesture_controlled_robot_py/hand_gesture_recognition_mediapipe/model/point_history_classifier
[1.969s] copying ./gesture_controlled_robot_py/hand_gesture_recognition_mediapipe/model/point_history_classifier/point_history_classifier_label.csv -> /home/xetho/ros2_ws/src/gesture_controlled_robot_py/install/gesture_controlled_robot_py/lib/python3.10/site-packages/gesture_controlled_robot_py/hand_gesture_recognition_mediapipe/model/point_history_classifier
[1.970s] running install_egg_info
[1.976s] Copying build/gesture_controlled_robot_py/gesture_controlled_robot_py.egg-info to /home/xetho/ros2_ws/src/gesture_controlled_robot_py/install/gesture_controlled_robot_py/lib/python3.10/site-packages/gesture_controlled_robot_py-0.0.0-py3.10.egg-info
[1.980s] running install_scripts
[2.020s] Installing listener script to /home/xetho/ros2_ws/src/gesture_controlled_robot_py/install/gesture_controlled_robot_py/lib/gesture_controlled_robot_py
[2.020s] Installing talker script to /home/xetho/ros2_ws/src/gesture_controlled_robot_py/install/gesture_controlled_robot_py/lib/gesture_controlled_robot_py
[2.022s] writing list of installed files to '/home/xetho/ros2_ws/src/gesture_controlled_robot_py/build/gesture_controlled_robot_py/install.log'
[2.042s] Invoked command in '/home/xetho/ros2_ws/src/gesture_controlled_robot_py' returned '0': PYTHONPATH=/home/xetho/ros2_ws/src/gesture_controlled_robot_py/build/gesture_controlled_robot_py/prefix_override:/home/xetho/ros2_ws/src/gesture_controlled_robot_py/install/gesture_controlled_robot_py/lib/python3.10/site-packages:${PYTHONPATH} /usr/bin/python3 setup.py egg_info --egg-base build/gesture_controlled_robot_py build --build-base /home/xetho/ros2_ws/src/gesture_controlled_robot_py/build/gesture_controlled_robot_py/build install --record /home/xetho/ros2_ws/src/gesture_controlled_robot_py/build/gesture_controlled_robot_py/install.log --single-version-externally-managed
