running egg_info
creating build/gesture_controlled_robot_py/gesture_controlled_robot_py.egg-info
writing build/gesture_controlled_robot_py/gesture_controlled_robot_py.egg-info/PKG-INFO
writing dependency_links to build/gesture_controlled_robot_py/gesture_controlled_robot_py.egg-info/dependency_links.txt
writing entry points to build/gesture_controlled_robot_py/gesture_controlled_robot_py.egg-info/entry_points.txt
writing requirements to build/gesture_controlled_robot_py/gesture_controlled_robot_py.egg-info/requires.txt
writing top-level names to build/gesture_controlled_robot_py/gesture_controlled_robot_py.egg-info/top_level.txt
writing manifest file 'build/gesture_controlled_robot_py/gesture_controlled_robot_py.egg-info/SOURCES.txt'
reading manifest file 'build/gesture_controlled_robot_py/gesture_controlled_robot_py.egg-info/SOURCES.txt'
writing manifest file 'build/gesture_controlled_robot_py/gesture_controlled_robot_py.egg-info/SOURCES.txt'
running build
running build_py
creating /home/xetho/ros2_ws/src/gesture_controlled_robot_py/build/gesture_controlled_robot_py/build
creating /home/xetho/ros2_ws/src/gesture_controlled_robot_py/build/gesture_controlled_robot_py/build/lib
creating /home/xetho/ros2_ws/src/gesture_controlled_robot_py/build/gesture_controlled_robot_py/build/lib/gesture_controlled_robot_py
copying gesture_controlled_robot_py/app.py -> /home/xetho/ros2_ws/src/gesture_controlled_robot_py/build/gesture_controlled_robot_py/build/lib/gesture_controlled_robot_py
copying gesture_controlled_robot_py/movt_pub_node.py -> /home/xetho/ros2_ws/src/gesture_controlled_robot_py/build/gesture_controlled_robot_py/build/lib/gesture_controlled_robot_py
copying gesture_controlled_robot_py/gesture.py -> /home/xetho/ros2_ws/src/gesture_controlled_robot_py/build/gesture_controlled_robot_py/build/lib/gesture_controlled_robot_py
copying gesture_controlled_robot_py/movt_sub_node.py -> /home/xetho/ros2_ws/src/gesture_controlled_robot_py/build/gesture_controlled_robot_py/build/lib/gesture_controlled_robot_py
copying gesture_controlled_robot_py/__init__.py -> /home/xetho/ros2_ws/src/gesture_controlled_robot_py/build/gesture_controlled_robot_py/build/lib/gesture_controlled_robot_py
creating /home/xetho/ros2_ws/src/gesture_controlled_robot_py/build/gesture_controlled_robot_py/build/lib/gesture_controlled_robot_py/hand_gesture_recognition_mediapipe
copying gesture_controlled_robot_py/hand_gesture_recognition_mediapipe/app.py -> /home/xetho/ros2_ws/src/gesture_controlled_robot_py/build/gesture_controlled_robot_py/build/lib/gesture_controlled_robot_py/hand_gesture_recognition_mediapipe
copying gesture_controlled_robot_py/hand_gesture_recognition_mediapipe/__init__.py -> /home/xetho/ros2_ws/src/gesture_controlled_robot_py/build/gesture_controlled_robot_py/build/lib/gesture_controlled_robot_py/hand_gesture_recognition_mediapipe
copying gesture_controlled_robot_py/hand_gesture_recognition_mediapipe/cvfpscalc.py -> /home/xetho/ros2_ws/src/gesture_controlled_robot_py/build/gesture_controlled_robot_py/build/lib/gesture_controlled_robot_py/hand_gesture_recognition_mediapipe
creating /home/xetho/ros2_ws/src/gesture_controlled_robot_py/build/gesture_controlled_robot_py/build/lib/gesture_controlled_robot_py/hand_gesture_recognition_mediapipe/utils
copying gesture_controlled_robot_py/hand_gesture_recognition_mediapipe/utils/__init__.py -> /home/xetho/ros2_ws/src/gesture_controlled_robot_py/build/gesture_controlled_robot_py/build/lib/gesture_controlled_robot_py/hand_gesture_recognition_mediapipe/utils
copying gesture_controlled_robot_py/hand_gesture_recognition_mediapipe/utils/cvfpscalc.py -> /home/xetho/ros2_ws/src/gesture_controlled_robot_py/build/gesture_controlled_robot_py/build/lib/gesture_controlled_robot_py/hand_gesture_recognition_mediapipe/utils
creating /home/xetho/ros2_ws/src/gesture_controlled_robot_py/build/gesture_controlled_robot_py/build/lib/gesture_controlled_robot_py/hand_gesture_recognition_mediapipe/model
copying gesture_controlled_robot_py/hand_gesture_recognition_mediapipe/model/__init__.py -> /home/xetho/ros2_ws/src/gesture_controlled_robot_py/build/gesture_controlled_robot_py/build/lib/gesture_controlled_robot_py/hand_gesture_recognition_mediapipe/model
creating /home/xetho/ros2_ws/src/gesture_controlled_robot_py/build/gesture_controlled_robot_py/build/lib/gesture_controlled_robot_py/hand_gesture_recognition_mediapipe/model/point_history_classifier
copying gesture_controlled_robot_py/hand_gesture_recognition_mediapipe/model/point_history_classifier/point_history_classifier.py -> /home/xetho/ros2_ws/src/gesture_controlled_robot_py/build/gesture_controlled_robot_py/build/lib/gesture_controlled_robot_py/hand_gesture_recognition_mediapipe/model/point_history_classifier
copying gesture_controlled_robot_py/hand_gesture_recognition_mediapipe/model/point_history_classifier/__init__.py -> /home/xetho/ros2_ws/src/gesture_controlled_robot_py/build/gesture_controlled_robot_py/build/lib/gesture_controlled_robot_py/hand_gesture_recognition_mediapipe/model/point_history_classifier
creating /home/xetho/ros2_ws/src/gesture_controlled_robot_py/build/gesture_controlled_robot_py/build/lib/gesture_controlled_robot_py/hand_gesture_recognition_mediapipe/model/keypoint_classifier
copying gesture_controlled_robot_py/hand_gesture_recognition_mediapipe/model/keypoint_classifier/keypoint_classifier.py -> /home/xetho/ros2_ws/src/gesture_controlled_robot_py/build/gesture_controlled_robot_py/build/lib/gesture_controlled_robot_py/hand_gesture_recognition_mediapipe/model/keypoint_classifier
copying gesture_controlled_robot_py/hand_gesture_recognition_mediapipe/model/keypoint_classifier/__init__.py -> /home/xetho/ros2_ws/src/gesture_controlled_robot_py/build/gesture_controlled_robot_py/build/lib/gesture_controlled_robot_py/hand_gesture_recognition_mediapipe/model/keypoint_classifier
running install
running install_lib
creating /home/xetho/ros2_ws/src/gesture_controlled_robot_py/install/gesture_controlled_robot_py/lib/python3.10/site-packages/gesture_controlled_robot_py
copying /home/xetho/ros2_ws/src/gesture_controlled_robot_py/build/gesture_controlled_robot_py/build/lib/gesture_controlled_robot_py/app.py -> /home/xetho/ros2_ws/src/gesture_controlled_robot_py/install/gesture_controlled_robot_py/lib/python3.10/site-packages/gesture_controlled_robot_py
copying /home/xetho/ros2_ws/src/gesture_controlled_robot_py/build/gesture_controlled_robot_py/build/lib/gesture_controlled_robot_py/movt_pub_node.py -> /home/xetho/ros2_ws/src/gesture_controlled_robot_py/install/gesture_controlled_robot_py/lib/python3.10/site-packages/gesture_controlled_robot_py
creating /home/xetho/ros2_ws/src/gesture_controlled_robot_py/install/gesture_controlled_robot_py/lib/python3.10/site-packages/gesture_controlled_robot_py/hand_gesture_recognition_mediapipe
copying /home/xetho/ros2_ws/src/gesture_controlled_robot_py/build/gesture_controlled_robot_py/build/lib/gesture_controlled_robot_py/hand_gesture_recognition_mediapipe/app.py -> /home/xetho/ros2_ws/src/gesture_controlled_robot_py/install/gesture_controlled_robot_py/lib/python3.10/site-packages/gesture_controlled_robot_py/hand_gesture_recognition_mediapipe
creating /home/xetho/ros2_ws/src/gesture_controlled_robot_py/install/gesture_controlled_robot_py/lib/python3.10/site-packages/gesture_controlled_robot_py/hand_gesture_recognition_mediapipe/utils
copying /home/xetho/ros2_ws/src/gesture_controlled_robot_py/build/gesture_controlled_robot_py/build/lib/gesture_controlled_robot_py/hand_gesture_recognition_mediapipe/utils/__init__.py -> /home/xetho/ros2_ws/src/gesture_controlled_robot_py/install/gesture_controlled_robot_py/lib/python3.10/site-packages/gesture_controlled_robot_py/hand_gesture_recognition_mediapipe/utils
copying /home/xetho/ros2_ws/src/gesture_controlled_robot_py/build/gesture_controlled_robot_py/build/lib/gesture_controlled_robot_py/hand_gesture_recognition_mediapipe/utils/cvfpscalc.py -> /home/xetho/ros2_ws/src/gesture_controlled_robot_py/install/gesture_controlled_robot_py/lib/python3.10/site-packages/gesture_controlled_robot_py/hand_gesture_recognition_mediapipe/utils
creating /home/xetho/ros2_ws/src/gesture_controlled_robot_py/install/gesture_controlled_robot_py/lib/python3.10/site-packages/gesture_controlled_robot_py/hand_gesture_recognition_mediapipe/model
creating /home/xetho/ros2_ws/src/gesture_controlled_robot_py/install/gesture_controlled_robot_py/lib/python3.10/site-packages/gesture_controlled_robot_py/hand_gesture_recognition_mediapipe/model/point_history_classifier
copying /home/xetho/ros2_ws/src/gesture_controlled_robot_py/build/gesture_controlled_robot_py/build/lib/gesture_controlled_robot_py/hand_gesture_recognition_mediapipe/model/point_history_classifier/point_history_classifier.py -> /home/xetho/ros2_ws/src/gesture_controlled_robot_py/install/gesture_controlled_robot_py/lib/python3.10/site-packages/gesture_controlled_robot_py/hand_gesture_recognition_mediapipe/model/point_history_classifier
copying /home/xetho/ros2_ws/src/gesture_controlled_robot_py/build/gesture_controlled_robot_py/build/lib/gesture_controlled_robot_py/hand_gesture_recognition_mediapipe/model/point_history_classifier/__init__.py -> /home/xetho/ros2_ws/src/gesture_controlled_robot_py/install/gesture_controlled_robot_py/lib/python3.10/site-packages/gesture_controlled_robot_py/hand_gesture_recognition_mediapipe/model/point_history_classifier
copying /home/xetho/ros2_ws/src/gesture_controlled_robot_py/build/gesture_controlled_robot_py/build/lib/gesture_controlled_robot_py/hand_gesture_recognition_mediapipe/model/__init__.py -> /home/xetho/ros2_ws/src/gesture_controlled_robot_py/install/gesture_controlled_robot_py/lib/python3.10/site-packages/gesture_controlled_robot_py/hand_gesture_recognition_mediapipe/model
creating /home/xetho/ros2_ws/src/gesture_controlled_robot_py/install/gesture_controlled_robot_py/lib/python3.10/site-packages/gesture_controlled_robot_py/hand_gesture_recognition_mediapipe/model/keypoint_classifier
copying /home/xetho/ros2_ws/src/gesture_controlled_robot_py/build/gesture_controlled_robot_py/build/lib/gesture_controlled_robot_py/hand_gesture_recognition_mediapipe/model/keypoint_classifier/keypoint_classifier.py -> /home/xetho/ros2_ws/src/gesture_controlled_robot_py/install/gesture_controlled_robot_py/lib/python3.10/site-packages/gesture_controlled_robot_py/hand_gesture_recognition_mediapipe/model/keypoint_classifier
copying /home/xetho/ros2_ws/src/gesture_controlled_robot_py/build/gesture_controlled_robot_py/build/lib/gesture_controlled_robot_py/hand_gesture_recognition_mediapipe/model/keypoint_classifier/__init__.py -> /home/xetho/ros2_ws/src/gesture_controlled_robot_py/install/gesture_controlled_robot_py/lib/python3.10/site-packages/gesture_controlled_robot_py/hand_gesture_recognition_mediapipe/model/keypoint_classifier
copying /home/xetho/ros2_ws/src/gesture_controlled_robot_py/build/gesture_controlled_robot_py/build/lib/gesture_controlled_robot_py/hand_gesture_recognition_mediapipe/__init__.py -> /home/xetho/ros2_ws/src/gesture_controlled_robot_py/install/gesture_controlled_robot_py/lib/python3.10/site-packages/gesture_controlled_robot_py/hand_gesture_recognition_mediapipe
copying /home/xetho/ros2_ws/src/gesture_controlled_robot_py/build/gesture_controlled_robot_py/build/lib/gesture_controlled_robot_py/hand_gesture_recognition_mediapipe/cvfpscalc.py -> /home/xetho/ros2_ws/src/gesture_controlled_robot_py/install/gesture_controlled_robot_py/lib/python3.10/site-packages/gesture_controlled_robot_py/hand_gesture_recognition_mediapipe
copying /home/xetho/ros2_ws/src/gesture_controlled_robot_py/build/gesture_controlled_robot_py/build/lib/gesture_controlled_robot_py/gesture.py -> /home/xetho/ros2_ws/src/gesture_controlled_robot_py/install/gesture_controlled_robot_py/lib/python3.10/site-packages/gesture_controlled_robot_py
copying /home/xetho/ros2_ws/src/gesture_controlled_robot_py/build/gesture_controlled_robot_py/build/lib/gesture_controlled_robot_py/movt_sub_node.py -> /home/xetho/ros2_ws/src/gesture_controlled_robot_py/install/gesture_controlled_robot_py/lib/python3.10/site-packages/gesture_controlled_robot_py
copying /home/xetho/ros2_ws/src/gesture_controlled_robot_py/build/gesture_controlled_robot_py/build/lib/gesture_controlled_robot_py/__init__.py -> /home/xetho/ros2_ws/src/gesture_controlled_robot_py/install/gesture_controlled_robot_py/lib/python3.10/site-packages/gesture_controlled_robot_py
byte-compiling /home/xetho/ros2_ws/src/gesture_controlled_robot_py/install/gesture_controlled_robot_py/lib/python3.10/site-packages/gesture_controlled_robot_py/app.py to app.cpython-310.pyc
byte-compiling /home/xetho/ros2_ws/src/gesture_controlled_robot_py/install/gesture_controlled_robot_py/lib/python3.10/site-packages/gesture_controlled_robot_py/movt_pub_node.py to movt_pub_node.cpython-310.pyc
byte-compiling /home/xetho/ros2_ws/src/gesture_controlled_robot_py/install/gesture_controlled_robot_py/lib/python3.10/site-packages/gesture_controlled_robot_py/hand_gesture_recognition_mediapipe/app.py to app.cpython-310.pyc
byte-compiling /home/xetho/ros2_ws/src/gesture_controlled_robot_py/install/gesture_controlled_robot_py/lib/python3.10/site-packages/gesture_controlled_robot_py/hand_gesture_recognition_mediapipe/utils/__init__.py to __init__.cpython-310.pyc
byte-compiling /home/xetho/ros2_ws/src/gesture_controlled_robot_py/install/gesture_controlled_robot_py/lib/python3.10/site-packages/gesture_controlled_robot_py/hand_gesture_recognition_mediapipe/utils/cvfpscalc.py to cvfpscalc.cpython-310.pyc
byte-compiling /home/xetho/ros2_ws/src/gesture_controlled_robot_py/install/gesture_controlled_robot_py/lib/python3.10/site-packages/gesture_controlled_robot_py/hand_gesture_recognition_mediapipe/model/point_history_classifier/point_history_classifier.py to point_history_classifier.cpython-310.pyc
byte-compiling /home/xetho/ros2_ws/src/gesture_controlled_robot_py/install/gesture_controlled_robot_py/lib/python3.10/site-packages/gesture_controlled_robot_py/hand_gesture_recognition_mediapipe/model/point_history_classifier/__init__.py to __init__.cpython-310.pyc
byte-compiling /home/xetho/ros2_ws/src/gesture_controlled_robot_py/install/gesture_controlled_robot_py/lib/python3.10/site-packages/gesture_controlled_robot_py/hand_gesture_recognition_mediapipe/model/__init__.py to __init__.cpython-310.pyc
byte-compiling /home/xetho/ros2_ws/src/gesture_controlled_robot_py/install/gesture_controlled_robot_py/lib/python3.10/site-packages/gesture_controlled_robot_py/hand_gesture_recognition_mediapipe/model/keypoint_classifier/keypoint_classifier.py to keypoint_classifier.cpython-310.pyc
byte-compiling /home/xetho/ros2_ws/src/gesture_controlled_robot_py/install/gesture_controlled_robot_py/lib/python3.10/site-packages/gesture_controlled_robot_py/hand_gesture_recognition_mediapipe/model/keypoint_classifier/__init__.py to __init__.cpython-310.pyc
byte-compiling /home/xetho/ros2_ws/src/gesture_controlled_robot_py/install/gesture_controlled_robot_py/lib/python3.10/site-packages/gesture_controlled_robot_py/hand_gesture_recognition_mediapipe/__init__.py to __init__.cpython-310.pyc
byte-compiling /home/xetho/ros2_ws/src/gesture_controlled_robot_py/install/gesture_controlled_robot_py/lib/python3.10/site-packages/gesture_controlled_robot_py/hand_gesture_recognition_mediapipe/cvfpscalc.py to cvfpscalc.cpython-310.pyc
byte-compiling /home/xetho/ros2_ws/src/gesture_controlled_robot_py/install/gesture_controlled_robot_py/lib/python3.10/site-packages/gesture_controlled_robot_py/gesture.py to gesture.cpython-310.pyc
byte-compiling /home/xetho/ros2_ws/src/gesture_controlled_robot_py/install/gesture_controlled_robot_py/lib/python3.10/site-packages/gesture_controlled_robot_py/movt_sub_node.py to movt_sub_node.cpython-310.pyc
byte-compiling /home/xetho/ros2_ws/src/gesture_controlled_robot_py/install/gesture_controlled_robot_py/lib/python3.10/site-packages/gesture_controlled_robot_py/__init__.py to __init__.cpython-310.pyc
running install_data
creating /home/xetho/ros2_ws/src/gesture_controlled_robot_py/install/gesture_controlled_robot_py/share/ament_index
creating /home/xetho/ros2_ws/src/gesture_controlled_robot_py/install/gesture_controlled_robot_py/share/ament_index/resource_index
creating /home/xetho/ros2_ws/src/gesture_controlled_robot_py/install/gesture_controlled_robot_py/share/ament_index/resource_index/packages
copying resource/gesture_controlled_robot_py -> /home/xetho/ros2_ws/src/gesture_controlled_robot_py/install/gesture_controlled_robot_py/share/ament_index/resource_index/packages
copying package.xml -> /home/xetho/ros2_ws/src/gesture_controlled_robot_py/install/gesture_controlled_robot_py/share/gesture_controlled_robot_py
copying ./gesture_controlled_robot_py/hand_gesture_recognition_mediapipe/keypoint_classification.ipynb -> /home/xetho/ros2_ws/src/gesture_controlled_robot_py/install/gesture_controlled_robot_py/lib/python3.10/site-packages/gesture_controlled_robot_py/hand_gesture_recognition_mediapipe
copying ./gesture_controlled_robot_py/hand_gesture_recognition_mediapipe/keypoint_classification_EN.ipynb -> /home/xetho/ros2_ws/src/gesture_controlled_robot_py/install/gesture_controlled_robot_py/lib/python3.10/site-packages/gesture_controlled_robot_py/hand_gesture_recognition_mediapipe
copying ./gesture_controlled_robot_py/hand_gesture_recognition_mediapipe/point_history_classification.ipynb -> /home/xetho/ros2_ws/src/gesture_controlled_robot_py/install/gesture_controlled_robot_py/lib/python3.10/site-packages/gesture_controlled_robot_py/hand_gesture_recognition_mediapipe
copying ./gesture_controlled_robot_py/hand_gesture_recognition_mediapipe/model/keypoint_classifier/keypoint.csv -> /home/xetho/ros2_ws/src/gesture_controlled_robot_py/install/gesture_controlled_robot_py/lib/python3.10/site-packages/gesture_controlled_robot_py/hand_gesture_recognition_mediapipe/model/keypoint_classifier
copying ./gesture_controlled_robot_py/hand_gesture_recognition_mediapipe/model/keypoint_classifier/keypoint_classifier.hdf5 -> /home/xetho/ros2_ws/src/gesture_controlled_robot_py/install/gesture_controlled_robot_py/lib/python3.10/site-packages/gesture_controlled_robot_py/hand_gesture_recognition_mediapipe/model/keypoint_classifier
copying ./gesture_controlled_robot_py/hand_gesture_recognition_mediapipe/model/keypoint_classifier/keypoint_classifier.tflite -> /home/xetho/ros2_ws/src/gesture_controlled_robot_py/install/gesture_controlled_robot_py/lib/python3.10/site-packages/gesture_controlled_robot_py/hand_gesture_recognition_mediapipe/model/keypoint_classifier
copying ./gesture_controlled_robot_py/hand_gesture_recognition_mediapipe/model/keypoint_classifier/keypoint_classifier_label.csv -> /home/xetho/ros2_ws/src/gesture_controlled_robot_py/install/gesture_controlled_robot_py/lib/python3.10/site-packages/gesture_controlled_robot_py/hand_gesture_recognition_mediapipe/model/keypoint_classifier
copying ./gesture_controlled_robot_py/hand_gesture_recognition_mediapipe/model/point_history_classifier/point_history.csv -> /home/xetho/ros2_ws/src/gesture_controlled_robot_py/install/gesture_controlled_robot_py/lib/python3.10/site-packages/gesture_controlled_robot_py/hand_gesture_recognition_mediapipe/model/point_history_classifier
copying ./gesture_controlled_robot_py/hand_gesture_recognition_mediapipe/model/point_history_classifier/point_history_classifier.hdf5 -> /home/xetho/ros2_ws/src/gesture_controlled_robot_py/install/gesture_controlled_robot_py/lib/python3.10/site-packages/gesture_controlled_robot_py/hand_gesture_recognition_mediapipe/model/point_history_classifier
copying ./gesture_controlled_robot_py/hand_gesture_recognition_mediapipe/model/point_history_classifier/point_history_classifier.tflite -> /home/xetho/ros2_ws/src/gesture_controlled_robot_py/install/gesture_controlled_robot_py/lib/python3.10/site-packages/gesture_controlled_robot_py/hand_gesture_recognition_mediapipe/model/point_history_classifier
copying ./gesture_controlled_robot_py/hand_gesture_recognition_mediapipe/model/point_history_classifier/point_history_classifier_label.csv -> /home/xetho/ros2_ws/src/gesture_controlled_robot_py/install/gesture_controlled_robot_py/lib/python3.10/site-packages/gesture_controlled_robot_py/hand_gesture_recognition_mediapipe/model/point_history_classifier
running install_egg_info
Copying build/gesture_controlled_robot_py/gesture_controlled_robot_py.egg-info to /home/xetho/ros2_ws/src/gesture_controlled_robot_py/install/gesture_controlled_robot_py/lib/python3.10/site-packages/gesture_controlled_robot_py-0.0.0-py3.10.egg-info
running install_scripts
Installing listener script to /home/xetho/ros2_ws/src/gesture_controlled_robot_py/install/gesture_controlled_robot_py/lib/gesture_controlled_robot_py
Installing talker script to /home/xetho/ros2_ws/src/gesture_controlled_robot_py/install/gesture_controlled_robot_py/lib/gesture_controlled_robot_py
writing list of installed files to '/home/xetho/ros2_ws/src/gesture_controlled_robot_py/build/gesture_controlled_robot_py/install.log'
