running egg_info
writing build/gesture_controlled_robot_py/gesture_controlled_robot_py.egg-info/PKG-INFO
writing dependency_links to build/gesture_controlled_robot_py/gesture_controlled_robot_py.egg-info/dependency_links.txt
writing entry points to build/gesture_controlled_robot_py/gesture_controlled_robot_py.egg-info/entry_points.txt
writing requirements to build/gesture_controlled_robot_py/gesture_controlled_robot_py.egg-info/requires.txt
writing top-level names to build/gesture_controlled_robot_py/gesture_controlled_robot_py.egg-info/top_level.txt
reading manifest file 'build/gesture_controlled_robot_py/gesture_controlled_robot_py.egg-info/SOURCES.txt'
writing manifest file 'build/gesture_controlled_robot_py/gesture_controlled_robot_py.egg-info/SOURCES.txt'
running build
running build_py
copying gesture_controlled_robot_py/movt_mapping.py -> /home/xetho/ros2_ws/src/gesture_controlled_robot_py/build/gesture_controlled_robot_py/build/lib/gesture_controlled_robot_py
copying gesture_controlled_robot_py/movt_pub_node.py -> /home/xetho/ros2_ws/src/gesture_controlled_robot_py/build/gesture_controlled_robot_py/build/lib/gesture_controlled_robot_py
copying gesture_controlled_robot_py/movt_sub_node.py -> /home/xetho/ros2_ws/src/gesture_controlled_robot_py/build/gesture_controlled_robot_py/build/lib/gesture_controlled_robot_py
running install
running install_lib
copying /home/xetho/ros2_ws/src/gesture_controlled_robot_py/build/gesture_controlled_robot_py/build/lib/gesture_controlled_robot_py/movt_mapping.py -> /home/xetho/ros2_ws/src/gesture_controlled_robot_py/install/gesture_controlled_robot_py/lib/python3.10/site-packages/gesture_controlled_robot_py
copying /home/xetho/ros2_ws/src/gesture_controlled_robot_py/build/gesture_controlled_robot_py/build/lib/gesture_controlled_robot_py/movt_pub_node.py -> /home/xetho/ros2_ws/src/gesture_controlled_robot_py/install/gesture_controlled_robot_py/lib/python3.10/site-packages/gesture_controlled_robot_py
copying /home/xetho/ros2_ws/src/gesture_controlled_robot_py/build/gesture_controlled_robot_py/build/lib/gesture_controlled_robot_py/movt_sub_node.py -> /home/xetho/ros2_ws/src/gesture_controlled_robot_py/install/gesture_controlled_robot_py/lib/python3.10/site-packages/gesture_controlled_robot_py
byte-compiling /home/xetho/ros2_ws/src/gesture_controlled_robot_py/install/gesture_controlled_robot_py/lib/python3.10/site-packages/gesture_controlled_robot_py/movt_mapping.py to movt_mapping.cpython-310.pyc
byte-compiling /home/xetho/ros2_ws/src/gesture_controlled_robot_py/install/gesture_controlled_robot_py/lib/python3.10/site-packages/gesture_controlled_robot_py/movt_pub_node.py to movt_pub_node.cpython-310.pyc
byte-compiling /home/xetho/ros2_ws/src/gesture_controlled_robot_py/install/gesture_controlled_robot_py/lib/python3.10/site-packages/gesture_controlled_robot_py/movt_sub_node.py to movt_sub_node.cpython-310.pyc
running install_data
copying ./gesture_controlled_robot_py/hand_gesture_recognition_mediapipe/keypoint_classification.ipynb -> /home/xetho/ros2_ws/src/gesture_controlled_robot_py/install/gesture_controlled_robot_py/lib/python3.10/site-packages/gesture_controlled_robot_py/hand_gesture_recognition_mediapipe
copying ./gesture_controlled_robot_py/hand_gesture_recognition_mediapipe/keypoint_classification_EN.ipynb -> /home/xetho/ros2_ws/src/gesture_controlled_robot_py/install/gesture_controlled_robot_py/lib/python3.10/site-packages/gesture_controlled_robot_py/hand_gesture_recognition_mediapipe
copying ./gesture_controlled_robot_py/hand_gesture_recognition_mediapipe/model/keypoint_classifier/keypoint_classifier.hdf5 -> /home/xetho/ros2_ws/src/gesture_controlled_robot_py/install/gesture_controlled_robot_py/lib/python3.10/site-packages/gesture_controlled_robot_py/hand_gesture_recognition_mediapipe/model/keypoint_classifier
copying ./gesture_controlled_robot_py/hand_gesture_recognition_mediapipe/model/keypoint_classifier/keypoint_classifier.tflite -> /home/xetho/ros2_ws/src/gesture_controlled_robot_py/install/gesture_controlled_robot_py/lib/python3.10/site-packages/gesture_controlled_robot_py/hand_gesture_recognition_mediapipe/model/keypoint_classifier
running install_egg_info
removing '/home/xetho/ros2_ws/src/gesture_controlled_robot_py/install/gesture_controlled_robot_py/lib/python3.10/site-packages/gesture_controlled_robot_py-0.0.0-py3.10.egg-info' (and everything under it)
Copying build/gesture_controlled_robot_py/gesture_controlled_robot_py.egg-info to /home/xetho/ros2_ws/src/gesture_controlled_robot_py/install/gesture_controlled_robot_py/lib/python3.10/site-packages/gesture_controlled_robot_py-0.0.0-py3.10.egg-info
running install_scripts
Installing listener script to /home/xetho/ros2_ws/src/gesture_controlled_robot_py/install/gesture_controlled_robot_py/lib/gesture_controlled_robot_py
Installing talker script to /home/xetho/ros2_ws/src/gesture_controlled_robot_py/install/gesture_controlled_robot_py/lib/gesture_controlled_robot_py
writing list of installed files to '/home/xetho/ros2_ws/src/gesture_controlled_robot_py/build/gesture_controlled_robot_py/install.log'
