[0.756s] Invoking command in '/home/xetho/ros2_ws/src/gesture_controlled_robot_py': PYTHONPATH=/home/xetho/ros2_ws/src/gesture_controlled_robot_py/build/gesture_controlled_robot_py/prefix_override:/home/xetho/ros2_ws/src/gesture_controlled_robot_py/install/gesture_controlled_robot_py/lib/python3.10/site-packages:${PYTHONPATH} /usr/bin/python3 setup.py egg_info --egg-base build/gesture_controlled_robot_py build --build-base /home/xetho/ros2_ws/src/gesture_controlled_robot_py/build/gesture_controlled_robot_py/build install --record /home/xetho/ros2_ws/src/gesture_controlled_robot_py/build/gesture_controlled_robot_py/install.log --single-version-externally-managed
[1.006s] running egg_info
[1.007s] writing build/gesture_controlled_robot_py/gesture_controlled_robot_py.egg-info/PKG-INFO
[1.007s] writing dependency_links to build/gesture_controlled_robot_py/gesture_controlled_robot_py.egg-info/dependency_links.txt
[1.008s] writing entry points to build/gesture_controlled_robot_py/gesture_controlled_robot_py.egg-info/entry_points.txt
[1.008s] writing requirements to build/gesture_controlled_robot_py/gesture_controlled_robot_py.egg-info/requires.txt
[1.008s] writing top-level names to build/gesture_controlled_robot_py/gesture_controlled_robot_py.egg-info/top_level.txt
[1.010s] reading manifest file 'build/gesture_controlled_robot_py/gesture_controlled_robot_py.egg-info/SOURCES.txt'
[1.012s] writing manifest file 'build/gesture_controlled_robot_py/gesture_controlled_robot_py.egg-info/SOURCES.txt'
[1.012s] running build
[1.012s] running build_py
[1.012s] copying gesture_controlled_robot_py/movt_mapping.py -> /home/xetho/ros2_ws/src/gesture_controlled_robot_py/build/gesture_controlled_robot_py/build/lib/gesture_controlled_robot_py
[1.012s] copying gesture_controlled_robot_py/movt_pub_node.py -> /home/xetho/ros2_ws/src/gesture_controlled_robot_py/build/gesture_controlled_robot_py/build/lib/gesture_controlled_robot_py
[1.013s] copying gesture_controlled_robot_py/movt_sub_node.py -> /home/xetho/ros2_ws/src/gesture_controlled_robot_py/build/gesture_controlled_robot_py/build/lib/gesture_controlled_robot_py
[1.015s] running install
[1.015s] /usr/lib/python3/dist-packages/setuptools/command/install.py:34: SetuptoolsDeprecationWarning: setup.py install is deprecated. Use build and pip and other standards-based tools.
[1.015s]   warnings.warn(
[1.015s] running install_lib
[1.016s] copying /home/xetho/ros2_ws/src/gesture_controlled_robot_py/build/gesture_controlled_robot_py/build/lib/gesture_controlled_robot_py/movt_mapping.py -> /home/xetho/ros2_ws/src/gesture_controlled_robot_py/install/gesture_controlled_robot_py/lib/python3.10/site-packages/gesture_controlled_robot_py
[1.016s] copying /home/xetho/ros2_ws/src/gesture_controlled_robot_py/build/gesture_controlled_robot_py/build/lib/gesture_controlled_robot_py/movt_pub_node.py -> /home/xetho/ros2_ws/src/gesture_controlled_robot_py/install/gesture_controlled_robot_py/lib/python3.10/site-packages/gesture_controlled_robot_py
[1.017s] copying /home/xetho/ros2_ws/src/gesture_controlled_robot_py/build/gesture_controlled_robot_py/build/lib/gesture_controlled_robot_py/movt_sub_node.py -> /home/xetho/ros2_ws/src/gesture_controlled_robot_py/install/gesture_controlled_robot_py/lib/python3.10/site-packages/gesture_controlled_robot_py
[1.018s] byte-compiling /home/xetho/ros2_ws/src/gesture_controlled_robot_py/install/gesture_controlled_robot_py/lib/python3.10/site-packages/gesture_controlled_robot_py/movt_mapping.py to movt_mapping.cpython-310.pyc
[1.018s] byte-compiling /home/xetho/ros2_ws/src/gesture_controlled_robot_py/install/gesture_controlled_robot_py/lib/python3.10/site-packages/gesture_controlled_robot_py/movt_pub_node.py to movt_pub_node.cpython-310.pyc
[1.019s] byte-compiling /home/xetho/ros2_ws/src/gesture_controlled_robot_py/install/gesture_controlled_robot_py/lib/python3.10/site-packages/gesture_controlled_robot_py/movt_sub_node.py to movt_sub_node.cpython-310.pyc
[1.020s] running install_data
[1.020s] copying ./gesture_controlled_robot_py/hand_gesture_recognition_mediapipe/keypoint_classification.ipynb -> /home/xetho/ros2_ws/src/gesture_controlled_robot_py/install/gesture_controlled_robot_py/lib/python3.10/site-packages/gesture_controlled_robot_py/hand_gesture_recognition_mediapipe
[1.021s] copying ./gesture_controlled_robot_py/hand_gesture_recognition_mediapipe/keypoint_classification_EN.ipynb -> /home/xetho/ros2_ws/src/gesture_controlled_robot_py/install/gesture_controlled_robot_py/lib/python3.10/site-packages/gesture_controlled_robot_py/hand_gesture_recognition_mediapipe
[1.021s] copying ./gesture_controlled_robot_py/hand_gesture_recognition_mediapipe/model/keypoint_classifier/keypoint_classifier.hdf5 -> /home/xetho/ros2_ws/src/gesture_controlled_robot_py/install/gesture_controlled_robot_py/lib/python3.10/site-packages/gesture_controlled_robot_py/hand_gesture_recognition_mediapipe/model/keypoint_classifier
[1.021s] copying ./gesture_controlled_robot_py/hand_gesture_recognition_mediapipe/model/keypoint_classifier/keypoint_classifier.tflite -> /home/xetho/ros2_ws/src/gesture_controlled_robot_py/install/gesture_controlled_robot_py/lib/python3.10/site-packages/gesture_controlled_robot_py/hand_gesture_recognition_mediapipe/model/keypoint_classifier
[1.022s] running install_egg_info
[1.023s] removing '/home/xetho/ros2_ws/src/gesture_controlled_robot_py/install/gesture_controlled_robot_py/lib/python3.10/site-packages/gesture_controlled_robot_py-0.0.0-py3.10.egg-info' (and everything under it)
[1.024s] Copying build/gesture_controlled_robot_py/gesture_controlled_robot_py.egg-info to /home/xetho/ros2_ws/src/gesture_controlled_robot_py/install/gesture_controlled_robot_py/lib/python3.10/site-packages/gesture_controlled_robot_py-0.0.0-py3.10.egg-info
[1.024s] running install_scripts
[1.043s] Installing listener script to /home/xetho/ros2_ws/src/gesture_controlled_robot_py/install/gesture_controlled_robot_py/lib/gesture_controlled_robot_py
[1.043s] Installing talker script to /home/xetho/ros2_ws/src/gesture_controlled_robot_py/install/gesture_controlled_robot_py/lib/gesture_controlled_robot_py
[1.044s] writing list of installed files to '/home/xetho/ros2_ws/src/gesture_controlled_robot_py/build/gesture_controlled_robot_py/install.log'
[1.065s] Invoked command in '/home/xetho/ros2_ws/src/gesture_controlled_robot_py' returned '0': PYTHONPATH=/home/xetho/ros2_ws/src/gesture_controlled_robot_py/build/gesture_controlled_robot_py/prefix_override:/home/xetho/ros2_ws/src/gesture_controlled_robot_py/install/gesture_controlled_robot_py/lib/python3.10/site-packages:${PYTHONPATH} /usr/bin/python3 setup.py egg_info --egg-base build/gesture_controlled_robot_py build --build-base /home/xetho/ros2_ws/src/gesture_controlled_robot_py/build/gesture_controlled_robot_py/build install --record /home/xetho/ros2_ws/src/gesture_controlled_robot_py/build/gesture_controlled_robot_py/install.log --single-version-externally-managed
